<?xml version="1.0" encoding="UTF-8"?>
<!-- Generated by org.testng.reporters.JUnitXMLReporter -->
<testsuite hostname="RACD-002157" name="Loyalty Token Test" tests="2" failures="0" timestamp="7 Mar 2019 09:21:37 GMT" time="29.321" errors="0">
  <testcase name="Login" time="7.281" classname="com.magic.alphaPoint.TestClasses.LoyaltyTokenTestClass"/>
  <testcase name="LoyaltyTokenTest" time="11.691" classname="com.magic.alphaPoint.TestClasses.LoyaltyTokenTestClass"/>
</testsuite> <!-- Loyalty Token Test -->
