<?xml version="1.0" encoding="UTF-8"?>
<!-- Generated by org.testng.reporters.JUnitXMLReporter -->
<testsuite hostname="RACD-002157" name="Gmail Login Test" tests="2" failures="0" timestamp="30 May 2019 12:13:42 GMT" time="85.514" errors="0">
  <testcase name="GmailLogin" time="40.066" classname="com.java.framework.TestClasses.GmailLoginTestDemo"/>
  <testcase name="GmailLoginout" time="40.058" classname="com.java.framework.TestClasses.GmailLoginTestDemo"/>
</testsuite> <!-- Gmail Login Test -->
